.\crowbar_book_0_1.ilk
.\crowbar_book_0_1.pdb
E:\Work\C++ Program\win_sjis_zh_20131212\win_sjis\crowbar_book_0_1\crowbar_book_0_1\.\crowbar_book_0_1.exe
E:\WORK\C++ PROGRAM\WIN_SJIS_ZH_20131212\WIN_SJIS\CROWBAR_BOOK_0_1\CROWBAR_BOOK_0_1\CROWBAR_BOOK_0_1.EXE
E:\WORK\C++ PROGRAM\WIN_SJIS_ZH_20131212\WIN_SJIS\CROWBAR_BOOK_0_1\CROWBAR_BOOK_0_1\CROWBAR_BOOK_0_1.ILK
E:\WORK\C++ PROGRAM\WIN_SJIS_ZH_20131212\WIN_SJIS\CROWBAR_BOOK_0_1\CROWBAR_BOOK_0_1\CROWBAR_BOOK_0_1.PDB
E:\Work\C++ Program\win_sjis_zh_20131212\win_sjis\crowbar_book_0_1\crowbar_book_0_1\Debug\cl.command.1.tlog
E:\Work\C++ Program\win_sjis_zh_20131212\win_sjis\crowbar_book_0_1\crowbar_book_0_1\Debug\CL.read.1.tlog
E:\Work\C++ Program\win_sjis_zh_20131212\win_sjis\crowbar_book_0_1\crowbar_book_0_1\Debug\CL.write.1.tlog
E:\WORK\C++ PROGRAM\WIN_SJIS_ZH_20131212\WIN_SJIS\CROWBAR_BOOK_0_1\CROWBAR_BOOK_0_1\DEBUG\CREATE.OBJ
E:\WORK\C++ PROGRAM\WIN_SJIS_ZH_20131212\WIN_SJIS\CROWBAR_BOOK_0_1\CROWBAR_BOOK_0_1\DEBUG\CROWBAR_BOOK_0_1.EXE.EMBED.MANIFEST
E:\WORK\C++ PROGRAM\WIN_SJIS_ZH_20131212\WIN_SJIS\CROWBAR_BOOK_0_1\CROWBAR_BOOK_0_1\DEBUG\CROWBAR_BOOK_0_1.EXE.EMBED.MANIFEST.RES
E:\WORK\C++ PROGRAM\WIN_SJIS_ZH_20131212\WIN_SJIS\CROWBAR_BOOK_0_1\CROWBAR_BOOK_0_1\DEBUG\CROWBAR_BOOK_0_1.EXE.INTERMEDIATE.MANIFEST
E:\Work\C++ Program\win_sjis_zh_20131212\win_sjis\crowbar_book_0_1\crowbar_book_0_1\Debug\crowbar_book_0_1_manifest.rc
E:\WORK\C++ PROGRAM\WIN_SJIS_ZH_20131212\WIN_SJIS\CROWBAR_BOOK_0_1\CROWBAR_BOOK_0_1\DEBUG\DEBUG.OBJ
E:\WORK\C++ PROGRAM\WIN_SJIS_ZH_20131212\WIN_SJIS\CROWBAR_BOOK_0_1\CROWBAR_BOOK_0_1\DEBUG\ERROR.OBJ
E:\WORK\C++ PROGRAM\WIN_SJIS_ZH_20131212\WIN_SJIS\CROWBAR_BOOK_0_1\CROWBAR_BOOK_0_1\DEBUG\ERROR_MESSAGE.OBJ
E:\WORK\C++ PROGRAM\WIN_SJIS_ZH_20131212\WIN_SJIS\CROWBAR_BOOK_0_1\CROWBAR_BOOK_0_1\DEBUG\ERROR_MESSAGE_NOT_GCC.OBJ
E:\WORK\C++ PROGRAM\WIN_SJIS_ZH_20131212\WIN_SJIS\CROWBAR_BOOK_0_1\CROWBAR_BOOK_0_1\DEBUG\EVAL.OBJ
E:\WORK\C++ PROGRAM\WIN_SJIS_ZH_20131212\WIN_SJIS\CROWBAR_BOOK_0_1\CROWBAR_BOOK_0_1\DEBUG\EXECUTE.OBJ
E:\WORK\C++ PROGRAM\WIN_SJIS_ZH_20131212\WIN_SJIS\CROWBAR_BOOK_0_1\CROWBAR_BOOK_0_1\DEBUG\INTERFACE.OBJ
E:\WORK\C++ PROGRAM\WIN_SJIS_ZH_20131212\WIN_SJIS\CROWBAR_BOOK_0_1\CROWBAR_BOOK_0_1\DEBUG\LEX.YY.OBJ
E:\Work\C++ Program\win_sjis_zh_20131212\win_sjis\crowbar_book_0_1\crowbar_book_0_1\Debug\link.6368.read.1.tlog
E:\Work\C++ Program\win_sjis_zh_20131212\win_sjis\crowbar_book_0_1\crowbar_book_0_1\Debug\link.6368.write.1.tlog
E:\Work\C++ Program\win_sjis_zh_20131212\win_sjis\crowbar_book_0_1\crowbar_book_0_1\Debug\link.6368-cvtres.read.1.tlog
E:\Work\C++ Program\win_sjis_zh_20131212\win_sjis\crowbar_book_0_1\crowbar_book_0_1\Debug\link.6368-cvtres.write.1.tlog
E:\Work\C++ Program\win_sjis_zh_20131212\win_sjis\crowbar_book_0_1\crowbar_book_0_1\Debug\link.command.1.tlog
E:\Work\C++ Program\win_sjis_zh_20131212\win_sjis\crowbar_book_0_1\crowbar_book_0_1\Debug\link.read.1.tlog
E:\Work\C++ Program\win_sjis_zh_20131212\win_sjis\crowbar_book_0_1\crowbar_book_0_1\Debug\link.write.1.tlog
E:\Work\C++ Program\win_sjis_zh_20131212\win_sjis\crowbar_book_0_1\crowbar_book_0_1\Debug\link-cvtres.read.1.tlog
E:\Work\C++ Program\win_sjis_zh_20131212\win_sjis\crowbar_book_0_1\crowbar_book_0_1\Debug\link-cvtres.write.1.tlog
E:\WORK\C++ PROGRAM\WIN_SJIS_ZH_20131212\WIN_SJIS\CROWBAR_BOOK_0_1\CROWBAR_BOOK_0_1\DEBUG\MAIN.OBJ
E:\WORK\C++ PROGRAM\WIN_SJIS_ZH_20131212\WIN_SJIS\CROWBAR_BOOK_0_1\CROWBAR_BOOK_0_1\DEBUG\MEMORY.OBJ
E:\Work\C++ Program\win_sjis_zh_20131212\win_sjis\crowbar_book_0_1\crowbar_book_0_1\Debug\mt.command.1.tlog
E:\Work\C++ Program\win_sjis_zh_20131212\win_sjis\crowbar_book_0_1\crowbar_book_0_1\Debug\mt.read.1.tlog
E:\Work\C++ Program\win_sjis_zh_20131212\win_sjis\crowbar_book_0_1\crowbar_book_0_1\Debug\mt.write.1.tlog
E:\WORK\C++ PROGRAM\WIN_SJIS_ZH_20131212\WIN_SJIS\CROWBAR_BOOK_0_1\CROWBAR_BOOK_0_1\DEBUG\NATIVE.OBJ
E:\Work\C++ Program\win_sjis_zh_20131212\win_sjis\crowbar_book_0_1\crowbar_book_0_1\Debug\rc.command.1.tlog
E:\Work\C++ Program\win_sjis_zh_20131212\win_sjis\crowbar_book_0_1\crowbar_book_0_1\Debug\rc.read.1.tlog
E:\Work\C++ Program\win_sjis_zh_20131212\win_sjis\crowbar_book_0_1\crowbar_book_0_1\Debug\rc.write.1.tlog
E:\WORK\C++ PROGRAM\WIN_SJIS_ZH_20131212\WIN_SJIS\CROWBAR_BOOK_0_1\CROWBAR_BOOK_0_1\DEBUG\STORAGE.OBJ
E:\WORK\C++ PROGRAM\WIN_SJIS_ZH_20131212\WIN_SJIS\CROWBAR_BOOK_0_1\CROWBAR_BOOK_0_1\DEBUG\STRING.OBJ
E:\WORK\C++ PROGRAM\WIN_SJIS_ZH_20131212\WIN_SJIS\CROWBAR_BOOK_0_1\CROWBAR_BOOK_0_1\DEBUG\STRING_POOL.OBJ
E:\WORK\C++ PROGRAM\WIN_SJIS_ZH_20131212\WIN_SJIS\CROWBAR_BOOK_0_1\CROWBAR_BOOK_0_1\DEBUG\UTIL.OBJ
E:\Work\C++ Program\win_sjis_zh_20131212\win_sjis\crowbar_book_0_1\crowbar_book_0_1\Debug\vc100.idb
E:\WORK\C++ PROGRAM\WIN_SJIS_ZH_20131212\WIN_SJIS\CROWBAR_BOOK_0_1\CROWBAR_BOOK_0_1\DEBUG\VC100.PDB
E:\WORK\C++ PROGRAM\WIN_SJIS_ZH_20131212\WIN_SJIS\CROWBAR_BOOK_0_1\CROWBAR_BOOK_0_1\DEBUG\Y.TAB.OBJ
